Hmm ... looks like a package
Creating pdf output from LaTeX ...
This is pdfeTeX, Version 3.141592-1.21a-2.2 (Web2C 7.5.4)
entering extended mode
(./Rd2.tex
LaTeX2e <2003/12/01>
Babel <v3.8d> and hyphenation patterns for american, french, german, ngerman, b
ahasa, basque, bulgarian, catalan, croatian, czech, danish, dutch, esperanto, e
stonian, finnish, greek, icelandic, irish, italian, latin, magyar, norsk, polis
h, portuges, romanian, russian, serbian, slovak, slovene, spanish, swedish, tur
kish, ukrainian, nohyphenation, loaded.

(/apps/teTeX3.0/share/texmf-dist/tex/latex/base/book.cls
Document Class: book 2004/02/16 v1.4f Standard LaTeX document class
(/apps/teTeX3.0/share/texmf-dist/tex/latex/base/bk10.clo))
(/apps/R-2.10.1/lib/R/share/texmf/Rd.sty
(/apps/teTeX3.0/share/texmf-dist/tex/latex/base/ifthen.sty)
(/apps/teTeX3.0/share/texmf-dist/tex/latex/tools/longtable.sty)
(/apps/teTeX3.0/share/texmf-dist/tex/latex/tools/bm.sty)
(/apps/teTeX3.0/share/texmf-dist/tex/latex/base/alltt.sty)
(/apps/teTeX3.0/share/texmf-dist/tex/latex/tools/verbatim.sty)
(/apps/teTeX3.0/share/texmf-dist/tex/latex/url/url.sty)
(/apps/R-2.10.1/lib/R/share/texmf/upquote.sty
(/apps/teTeX3.0/share/texmf-dist/tex/latex/base/textcomp.sty
(/apps/teTeX3.0/share/texmf-dist/tex/latex/base/ts1enc.def))) NOT loading ae
(/apps/teTeX3.0/share/texmf-dist/tex/latex/base/fontenc.sty
(/apps/teTeX3.0/share/texmf-dist/tex/latex/base/t1enc.def))
(/apps/teTeX3.0/share/texmf-dist/tex/latex/psnfss/times.sty)
NOT loading lmodern
(/apps/teTeX3.0/share/texmf-dist/tex/latex/graphics/color.sty
(/apps/teTeX3.0/share/texmf-dist/tex/latex/graphics/color.cfg)
(/apps/teTeX3.0/share/texmf-dist/tex/latex/graphics/pdftex.def))
(/apps/teTeX3.0/share/texmf-dist/tex/latex/hyperref/hyperref.sty
(/apps/teTeX3.0/share/texmf-dist/tex/latex/graphics/keyval.sty)
(/apps/teTeX3.0/share/texmf-dist/tex/latex/hyperref/pd1enc.def)
(/apps/teTeX3.0/share/texmf-dist/tex/latex/hyperref/hyperref.cfg)
Implicit mode ON; LaTeX internals redefined
)
*hyperref using default driver hpdftex*
(/apps/teTeX3.0/share/texmf-dist/tex/latex/hyperref/hpdftex.def
(/apps/teTeX3.0/share/texmf-dist/tex/latex/psnfss/pifont.sty
(/apps/teTeX3.0/share/texmf-dist/tex/latex/psnfss/upzd.fd)
(/apps/teTeX3.0/share/texmf-dist/tex/latex/psnfss/upsy.fd)))

Package hyperref Warning: Option `hyperindex' has already been used,
(hyperref)                setting the option has no effect on input line 321.


Package hyperref Warning: Option `pagebackref' has already been used,
(hyperref)                setting the option has no effect on input line 321.

) (/apps/teTeX3.0/share/texmf-dist/tex/latex/base/makeidx.sty)
(/apps/teTeX3.0/share/texmf-dist/tex/latex/base/inputenc.sty
(/apps/teTeX3.0/share/texmf-dist/tex/latex/base/latin1.def))
Writing index file Rd2.idx
No file Rd2.aux.
(/apps/teTeX3.0/share/texmf-dist/tex/latex/base/ts1cmr.fd)
(/apps/teTeX3.0/share/texmf-dist/tex/latex/psnfss/t1ptm.fd)
(/apps/teTeX3.0/share/texmf-dist/tex/context/base/supp-pdf.tex
(/apps/teTeX3.0/share/texmf-dist/tex/context/base/supp-mis.tex
loading : Context Support Macros / Miscellaneous (2004.10.26)
)
loading : Context Support Macros / PDF (2004.03.26)
) (/apps/teTeX3.0/share/texmf-dist/tex/latex/hyperref/nameref.sty)
(/apps/teTeX3.0/share/texmf-dist/tex/latex/psnfss/t1pcr.fd)
(/apps/teTeX3.0/share/texmf-dist/tex/latex/psnfss/t1phv.fd)
(/apps/teTeX3.0/share/texmf-dist/tex/latex/base/latin1.def)
Overfull \vbox (14.37697pt too high) has occurred while \output is active
[1{/apps/teTeX3.0/share/texmf-var/fonts/map/pdftex/updmap/pdftex.map}]
Overfull \hbox (56.98004pt too wide) in paragraph at lines 55--57
[]\T1/ptm/m/n/10 Kevin R. Coombes \T1/pcr/m/n/10 <kcoombes@mdanderson.org>\T1/p
tm/m/n/10 , Jiexin Zhang \T1/pcr/m/n/10 <jiexinzhang@mdanderson.org> 
(/apps/teTeX3.0/share/texmf-dist/tex/latex/base/latin1.def)
Overfull \hbox (56.98004pt too wide) in paragraph at lines 120--122
[]\T1/ptm/m/n/10 Kevin R. Coombes \T1/pcr/m/n/10 <kcoombes@mdanderson.org>\T1/p
tm/m/n/10 , Jiexin Zhang \T1/pcr/m/n/10 <jiexinzhang@mdanderson.org> 
[2]
Overfull \hbox (79.98035pt too wide) in paragraph at lines 134--134
 []  \T1/pcr/m/n/9 comp[[i]] <- IndependentNormal(rnorm(nGenes/nComp,6,1.5),1/r
gamma(nGenes/nComp,44,28))[] 

Overfull \hbox (31.3804pt too wide) in paragraph at lines 151--151
 []\T1/pcr/m/n/9 myEngine.alterSD <- alterSD(myEngine,function(x)invGammaMultip
le(x,SHAPE,RATE))[] 
(/apps/teTeX3.0/share/texmf-dist/tex/latex/base/latin1.def)
(/apps/teTeX3.0/share/texmf-dist/tex/latex/base/latin1.def) [3]
(/apps/teTeX3.0/share/texmf-dist/tex/latex/base/latin1.def) [4] [5]
(/apps/teTeX3.0/share/texmf-dist/tex/latex/base/latin1.def)
(/apps/teTeX3.0/share/texmf-dist/tex/latex/psnfss/ts1pcr.fd) [6]
(/apps/teTeX3.0/share/texmf-dist/tex/latex/base/latin1.def) [7]
Overfull \hbox (56.98004pt too wide) in paragraph at lines 489--491
[]\T1/ptm/m/n/10 Kevin R. Coombes \T1/pcr/m/n/10 <kcoombes@mdanderson.org>\T1/p
tm/m/n/10 , Jiexin Zhang \T1/pcr/m/n/10 <jiexinzhang@mdanderson.org> 
(/apps/teTeX3.0/share/texmf-dist/tex/latex/base/latin1.def) [8] [9]
Overfull \hbox (8.3177pt too wide) in paragraph at lines 616--618
[]\T1/ptm/m/n/10 simply prints out the num-ber of com-po-nents in-cluded in the
 ob-ject of \T1/pcr/m/n/10 Engine 

Overfull \hbox (56.98004pt too wide) in paragraph at lines 624--626
[]\T1/ptm/m/n/10 Kevin R. Coombes \T1/pcr/m/n/10 <kcoombes@mdanderson.org>\T1/p
tm/m/n/10 , Jiexin Zhang \T1/pcr/m/n/10 <jiexinzhang@mdanderson.org> 

Overfull \hbox (79.98035pt too wide) in paragraph at lines 642--642
 []  \T1/pcr/m/n/9 comp[[i]] <- IndependentNormal(rnorm(nGenes/nComp,6,1.5),1/r
gamma(nGenes/nComp,44,28))[] 
[10] (/apps/teTeX3.0/share/texmf-dist/tex/latex/base/latin1.def) [11] [12]
Overfull \hbox (4.33853pt too wide) in paragraph at lines 808--810
[]\T1/ptm/m/n/10 counts the to-tal num-ber of genes (i.e, the length of the vec
-tor the \T1/pcr/m/n/10 EngineWithActivity

Overfull \hbox (56.98004pt too wide) in paragraph at lines 816--818
[]\T1/ptm/m/n/10 Kevin R. Coombes \T1/pcr/m/n/10 <kcoombes@mdanderson.org>\T1/p
tm/m/n/10 , Jiexin Zhang \T1/pcr/m/n/10 <jiexinzhang@mdanderson.org> 

Overfull \hbox (144.78027pt too wide) in paragraph at lines 835--835
 []  \T1/pcr/m/n/9 comp[[i]] <- IndependentNormal(rnorm(nGenes/nComponents,6,1.
5),1/rgamma(nGenes/nComponents,44,28))[] 
(/apps/teTeX3.0/share/texmf-dist/tex/latex/base/latin1.def) [13]
Overfull \hbox (50.45784pt too wide) in paragraph at lines 906--909
\T1/ptm/m/n/10 sions of n sam-ples fol-low-ing log nor-mal dis-tri-bu-tion cap-
tured in the ob-ject of \T1/pcr/m/n/10 IndependentLogNormal 

Overfull \hbox (56.98004pt too wide) in paragraph at lines 917--919
[]\T1/ptm/m/n/10 Kevin R. Coombes \T1/pcr/m/n/10 <kcoombes@mdanderson.org>\T1/p
tm/m/n/10 , Jiexin Zhang \T1/pcr/m/n/10 <jiexinzhang@mdanderson.org> 
[14] (/apps/teTeX3.0/share/texmf-dist/tex/latex/base/latin1.def) [15]
Overfull \hbox (4.15852pt too wide) in paragraph at lines 1037--1041
[]\T1/ptm/m/n/10 takes an ob-ject of class \T1/pcr/m/n/10 IndependentNormal\T1/
ptm/m/n/10 ,loop over

Overfull \hbox (9.43808pt too wide) in paragraph at lines 1047--1050
\T1/ptm/m/n/10 of n sam-ples fol-low-ing the nor-mal dis-tri-bu-tion cap-tured 
in the ob-ject of \T1/pcr/m/n/10 IndependentNormal 

Overfull \hbox (56.98004pt too wide) in paragraph at lines 1058--1060
[]\T1/ptm/m/n/10 Kevin R. Coombes \T1/pcr/m/n/10 <kcoombes@mdanderson.org>\T1/p
tm/m/n/10 , Jiexin Zhang \T1/pcr/m/n/10 <jiexinzhang@mdanderson.org> 
[16] (/apps/teTeX3.0/share/texmf-dist/tex/latex/base/latin1.def) [17] [18]
Overfull \hbox (56.98004pt too wide) in paragraph at lines 1239--1241
[]\T1/ptm/m/n/10 Kevin R. Coombes \T1/pcr/m/n/10 <kcoombes@mdanderson.org>\T1/p
tm/m/n/10 , Jiexin Zhang \T1/pcr/m/n/10 <jiexinzhang@mdanderson.org> 
[19] (/apps/teTeX3.0/share/texmf-dist/tex/latex/base/latin1.def)
Overfull \hbox (56.98004pt too wide) in paragraph at lines 1333--1335
[]\T1/ptm/m/n/10 Kevin R. Coombes \T1/pcr/m/n/10 <kcoombes@mdanderson.org>\T1/p
tm/m/n/10 , Jiexin Zhang \T1/pcr/m/n/10 <jiexinzhang@mdanderson.org> 
[20]
Overfull \hbox (96.18033pt too wide) in paragraph at lines 1348--1348
 []  \T1/pcr/m/n/9 comp[[i]] <- IndependentLogNormal(rnorm(nGenes/nComp,6,1.5),
1/rgamma(nGenes/nComp,44,28))[] 
(/apps/teTeX3.0/share/texmf-dist/tex/latex/base/latin1.def)
Overfull \hbox (56.98004pt too wide) in paragraph at lines 1389--1391
[]\T1/ptm/m/n/10 Kevin R. Coombes \T1/pcr/m/n/10 <kcoombes@mdanderson.org>\T1/p
tm/m/n/10 , Jiexin Zhang \T1/pcr/m/n/10 <jiexinzhang@mdanderson.org> 
(/apps/teTeX3.0/share/texmf-dist/tex/latex/base/latin1.def) [21]
Overfull \hbox (56.98004pt too wide) in paragraph at lines 1420--1422
[]\T1/ptm/m/n/10 Kevin R. Coombes \T1/pcr/m/n/10 <kcoombes@mdanderson.org>\T1/p
tm/m/n/10 , Jiexin Zhang \T1/pcr/m/n/10 <jiexinzhang@mdanderson.org> 
(/apps/teTeX3.0/share/texmf-dist/tex/latex/base/latin1.def)
Overfull \hbox (150.78088pt too wide) in paragraph at lines 1439--1439
 []\T1/pcr/m/n/10 SurvivalModel(baseHazard = 1/5, accrual = 5, followUp = 1, un
its = 12, unitName = "months")[] 
[22]
No file Rd2.ind.
[23] (./Rd2.aux) )
(see the transcript file for additional information)
! pdfTeX warning (dest): name{Rfn.help} has been referenced but does not exist,
 replaced by a fixed one

{/apps/teTeX3.0/share/texmf-dist/fonts/enc/dvips/psnfss/8r.enc}</apps/teTeX3.0/
share/texmf-dist/fonts/type1/urw/times/utmr8a.pfb></apps/teTeX3.0/share/texmf-d
ist/fonts/type1/urw/times/utmri8a.pfb></apps/teTeX3.0/share/texmf-dist/fonts/ty
pe1/urw/helvetic/uhvr8a.pfb></apps/teTeX3.0/share/texmf-dist/fonts/type1/urw/co
urier/ucrr8a.pfb></apps/teTeX3.0/share/texmf-dist/fonts/type1/urw/times/utmr8a.
pfb></apps/teTeX3.0/share/texmf-dist/fonts/type1/urw/times/utmb8a.pfb>
Output written on Rd2.pdf (23 pages, 164900 bytes).
Transcript written on Rd2.log.
This is makeindex, version 2.14 [02-Oct-2002] (kpathsea + Thai support).
Scanning input file Rd2.idx....done (113 entries accepted, 0 rejected).
Sorting entries....done (830 comparisons).
Generating output file Rd2.ind....done (220 lines written, 0 warnings).
Output written in Rd2.ind.
Transcript written in Rd2.ilg.
This is pdfeTeX, Version 3.141592-1.21a-2.2 (Web2C 7.5.4)
entering extended mode
(./Rd2.tex
LaTeX2e <2003/12/01>
Babel <v3.8d> and hyphenation patterns for american, french, german, ngerman, b
ahasa, basque, bulgarian, catalan, croatian, czech, danish, dutch, esperanto, e
stonian, finnish, greek, icelandic, irish, italian, latin, magyar, norsk, polis
h, portuges, romanian, russian, serbian, slovak, slovene, spanish, swedish, tur
kish, ukrainian, nohyphenation, loaded.

(/apps/teTeX3.0/share/texmf-dist/tex/latex/base/book.cls
Document Class: book 2004/02/16 v1.4f Standard LaTeX document class
(/apps/teTeX3.0/share/texmf-dist/tex/latex/base/bk10.clo))
(/apps/R-2.10.1/lib/R/share/texmf/Rd.sty
(/apps/teTeX3.0/share/texmf-dist/tex/latex/base/ifthen.sty)
(/apps/teTeX3.0/share/texmf-dist/tex/latex/tools/longtable.sty)
(/apps/teTeX3.0/share/texmf-dist/tex/latex/tools/bm.sty)
(/apps/teTeX3.0/share/texmf-dist/tex/latex/base/alltt.sty)
(/apps/teTeX3.0/share/texmf-dist/tex/latex/tools/verbatim.sty)
(/apps/teTeX3.0/share/texmf-dist/tex/latex/url/url.sty)
(/apps/R-2.10.1/lib/R/share/texmf/upquote.sty
(/apps/teTeX3.0/share/texmf-dist/tex/latex/base/textcomp.sty
(/apps/teTeX3.0/share/texmf-dist/tex/latex/base/ts1enc.def))) NOT loading ae
(/apps/teTeX3.0/share/texmf-dist/tex/latex/base/fontenc.sty
(/apps/teTeX3.0/share/texmf-dist/tex/latex/base/t1enc.def))
(/apps/teTeX3.0/share/texmf-dist/tex/latex/psnfss/times.sty)
NOT loading lmodern
(/apps/teTeX3.0/share/texmf-dist/tex/latex/graphics/color.sty
(/apps/teTeX3.0/share/texmf-dist/tex/latex/graphics/color.cfg)
(/apps/teTeX3.0/share/texmf-dist/tex/latex/graphics/pdftex.def))
(/apps/teTeX3.0/share/texmf-dist/tex/latex/hyperref/hyperref.sty
(/apps/teTeX3.0/share/texmf-dist/tex/latex/graphics/keyval.sty)
(/apps/teTeX3.0/share/texmf-dist/tex/latex/hyperref/pd1enc.def)
(/apps/teTeX3.0/share/texmf-dist/tex/latex/hyperref/hyperref.cfg)
Implicit mode ON; LaTeX internals redefined
)
*hyperref using default driver hpdftex*
(/apps/teTeX3.0/share/texmf-dist/tex/latex/hyperref/hpdftex.def
(/apps/teTeX3.0/share/texmf-dist/tex/latex/psnfss/pifont.sty
(/apps/teTeX3.0/share/texmf-dist/tex/latex/psnfss/upzd.fd)
(/apps/teTeX3.0/share/texmf-dist/tex/latex/psnfss/upsy.fd)))

Package hyperref Warning: Option `hyperindex' has already been used,
(hyperref)                setting the option has no effect on input line 321.


Package hyperref Warning: Option `pagebackref' has already been used,
(hyperref)                setting the option has no effect on input line 321.

) (/apps/teTeX3.0/share/texmf-dist/tex/latex/base/makeidx.sty)
(/apps/teTeX3.0/share/texmf-dist/tex/latex/base/inputenc.sty
(/apps/teTeX3.0/share/texmf-dist/tex/latex/base/latin1.def))
Writing index file Rd2.idx
(./Rd2.aux) (/apps/teTeX3.0/share/texmf-dist/tex/latex/base/ts1cmr.fd)
(/apps/teTeX3.0/share/texmf-dist/tex/latex/psnfss/t1ptm.fd)
(/apps/teTeX3.0/share/texmf-dist/tex/context/base/supp-pdf.tex
(/apps/teTeX3.0/share/texmf-dist/tex/context/base/supp-mis.tex
loading : Context Support Macros / Miscellaneous (2004.10.26)
)
loading : Context Support Macros / PDF (2004.03.26)
) (/apps/teTeX3.0/share/texmf-dist/tex/latex/hyperref/nameref.sty) (./Rd2.out)
(./Rd2.out) (/apps/teTeX3.0/share/texmf-dist/tex/latex/psnfss/t1pcr.fd)
(/apps/teTeX3.0/share/texmf-dist/tex/latex/psnfss/t1phv.fd) (./Rd2.toc)
(/apps/teTeX3.0/share/texmf-dist/tex/latex/base/latin1.def) [1{/apps/teTeX3.0/s
hare/texmf-var/fonts/map/pdftex/updmap/pdftex.map}]
Overfull \hbox (56.98004pt too wide) in paragraph at lines 55--57
[]\T1/ptm/m/n/10 Kevin R. Coombes \T1/pcr/m/n/10 <kcoombes@mdanderson.org>\T1/p
tm/m/n/10 , Jiexin Zhang \T1/pcr/m/n/10 <jiexinzhang@mdanderson.org> 
(/apps/teTeX3.0/share/texmf-dist/tex/latex/base/latin1.def) [2]
Overfull \hbox (56.98004pt too wide) in paragraph at lines 120--122
[]\T1/ptm/m/n/10 Kevin R. Coombes \T1/pcr/m/n/10 <kcoombes@mdanderson.org>\T1/p
tm/m/n/10 , Jiexin Zhang \T1/pcr/m/n/10 <jiexinzhang@mdanderson.org> 

Overfull \hbox (79.98035pt too wide) in paragraph at lines 134--134
 []  \T1/pcr/m/n/9 comp[[i]] <- IndependentNormal(rnorm(nGenes/nComp,6,1.5),1/r
gamma(nGenes/nComp,44,28))[] 

Overfull \hbox (31.3804pt too wide) in paragraph at lines 151--151
 []\T1/pcr/m/n/9 myEngine.alterSD <- alterSD(myEngine,function(x)invGammaMultip
le(x,SHAPE,RATE))[] 
(/apps/teTeX3.0/share/texmf-dist/tex/latex/base/latin1.def) [3]
(/apps/teTeX3.0/share/texmf-dist/tex/latex/base/latin1.def) [4]
(/apps/teTeX3.0/share/texmf-dist/tex/latex/base/latin1.def) [5]
(/apps/teTeX3.0/share/texmf-dist/tex/latex/base/latin1.def) [6]
(/apps/teTeX3.0/share/texmf-dist/tex/latex/psnfss/ts1pcr.fd) [7]
(/apps/teTeX3.0/share/texmf-dist/tex/latex/base/latin1.def)
Overfull \hbox (56.98004pt too wide) in paragraph at lines 489--491
[]\T1/ptm/m/n/10 Kevin R. Coombes \T1/pcr/m/n/10 <kcoombes@mdanderson.org>\T1/p
tm/m/n/10 , Jiexin Zhang \T1/pcr/m/n/10 <jiexinzhang@mdanderson.org> 
[8] (/apps/teTeX3.0/share/texmf-dist/tex/latex/base/latin1.def) [9]
Overfull \hbox (8.3177pt too wide) in paragraph at lines 616--618
[]\T1/ptm/m/n/10 simply prints out the num-ber of com-po-nents in-cluded in the
 ob-ject of \T1/pcr/m/n/10 Engine 

Overfull \hbox (56.98004pt too wide) in paragraph at lines 624--626
[]\T1/ptm/m/n/10 Kevin R. Coombes \T1/pcr/m/n/10 <kcoombes@mdanderson.org>\T1/p
tm/m/n/10 , Jiexin Zhang \T1/pcr/m/n/10 <jiexinzhang@mdanderson.org> 

Overfull \hbox (79.98035pt too wide) in paragraph at lines 642--642
 []  \T1/pcr/m/n/9 comp[[i]] <- IndependentNormal(rnorm(nGenes/nComp,6,1.5),1/r
gamma(nGenes/nComp,44,28))[] 
[10] (/apps/teTeX3.0/share/texmf-dist/tex/latex/base/latin1.def) [11] [12]
Overfull \hbox (4.33853pt too wide) in paragraph at lines 808--810
[]\T1/ptm/m/n/10 counts the to-tal num-ber of genes (i.e, the length of the vec
-tor the \T1/pcr/m/n/10 EngineWithActivity

Overfull \hbox (56.98004pt too wide) in paragraph at lines 816--818
[]\T1/ptm/m/n/10 Kevin R. Coombes \T1/pcr/m/n/10 <kcoombes@mdanderson.org>\T1/p
tm/m/n/10 , Jiexin Zhang \T1/pcr/m/n/10 <jiexinzhang@mdanderson.org> 

Overfull \hbox (144.78027pt too wide) in paragraph at lines 835--835
 []  \T1/pcr/m/n/9 comp[[i]] <- IndependentNormal(rnorm(nGenes/nComponents,6,1.
5),1/rgamma(nGenes/nComponents,44,28))[] 
(/apps/teTeX3.0/share/texmf-dist/tex/latex/base/latin1.def) [13]
Overfull \hbox (50.45784pt too wide) in paragraph at lines 906--909
\T1/ptm/m/n/10 sions of n sam-ples fol-low-ing log nor-mal dis-tri-bu-tion cap-
tured in the ob-ject of \T1/pcr/m/n/10 IndependentLogNormal 

Overfull \hbox (56.98004pt too wide) in paragraph at lines 917--919
[]\T1/ptm/m/n/10 Kevin R. Coombes \T1/pcr/m/n/10 <kcoombes@mdanderson.org>\T1/p
tm/m/n/10 , Jiexin Zhang \T1/pcr/m/n/10 <jiexinzhang@mdanderson.org> 
[14] (/apps/teTeX3.0/share/texmf-dist/tex/latex/base/latin1.def) [15]
Overfull \hbox (4.15852pt too wide) in paragraph at lines 1037--1041
[]\T1/ptm/m/n/10 takes an ob-ject of class \T1/pcr/m/n/10 IndependentNormal\T1/
ptm/m/n/10 ,loop over

Overfull \hbox (9.43808pt too wide) in paragraph at lines 1047--1050
\T1/ptm/m/n/10 of n sam-ples fol-low-ing the nor-mal dis-tri-bu-tion cap-tured 
in the ob-ject of \T1/pcr/m/n/10 IndependentNormal 

Overfull \hbox (56.98004pt too wide) in paragraph at lines 1058--1060
[]\T1/ptm/m/n/10 Kevin R. Coombes \T1/pcr/m/n/10 <kcoombes@mdanderson.org>\T1/p
tm/m/n/10 , Jiexin Zhang \T1/pcr/m/n/10 <jiexinzhang@mdanderson.org> 
[16] (/apps/teTeX3.0/share/texmf-dist/tex/latex/base/latin1.def) [17] [18]
Overfull \hbox (56.98004pt too wide) in paragraph at lines 1239--1241
[]\T1/ptm/m/n/10 Kevin R. Coombes \T1/pcr/m/n/10 <kcoombes@mdanderson.org>\T1/p
tm/m/n/10 , Jiexin Zhang \T1/pcr/m/n/10 <jiexinzhang@mdanderson.org> 
[19] (/apps/teTeX3.0/share/texmf-dist/tex/latex/base/latin1.def)
Overfull \hbox (56.98004pt too wide) in paragraph at lines 1333--1335
[]\T1/ptm/m/n/10 Kevin R. Coombes \T1/pcr/m/n/10 <kcoombes@mdanderson.org>\T1/p
tm/m/n/10 , Jiexin Zhang \T1/pcr/m/n/10 <jiexinzhang@mdanderson.org> 
[20]
Overfull \hbox (96.18033pt too wide) in paragraph at lines 1348--1348
 []  \T1/pcr/m/n/9 comp[[i]] <- IndependentLogNormal(rnorm(nGenes/nComp,6,1.5),
1/rgamma(nGenes/nComp,44,28))[] 
(/apps/teTeX3.0/share/texmf-dist/tex/latex/base/latin1.def)
Overfull \hbox (56.98004pt too wide) in paragraph at lines 1389--1391
[]\T1/ptm/m/n/10 Kevin R. Coombes \T1/pcr/m/n/10 <kcoombes@mdanderson.org>\T1/p
tm/m/n/10 , Jiexin Zhang \T1/pcr/m/n/10 <jiexinzhang@mdanderson.org> 
(/apps/teTeX3.0/share/texmf-dist/tex/latex/base/latin1.def) [21]
Overfull \hbox (56.98004pt too wide) in paragraph at lines 1420--1422
[]\T1/ptm/m/n/10 Kevin R. Coombes \T1/pcr/m/n/10 <kcoombes@mdanderson.org>\T1/p
tm/m/n/10 , Jiexin Zhang \T1/pcr/m/n/10 <jiexinzhang@mdanderson.org> 
(/apps/teTeX3.0/share/texmf-dist/tex/latex/base/latin1.def)
Overfull \hbox (150.78088pt too wide) in paragraph at lines 1439--1439
 []\T1/pcr/m/n/10 SurvivalModel(baseHazard = 1/5, accrual = 5, followUp = 1, un
its = 12, unitName = "months")[] 
[22] (./Rd2.ind [23]
Overfull \hbox (1.3567pt too wide) in paragraph at lines 15--16
[]| \T1/pcr/m/n/10 alterObjectComponents-method\T1/ptm/m/n/10 , 

Overfull \hbox (1.3567pt too wide) in paragraph at lines 28--29
[]| \T1/pcr/m/n/10 alterObjectComponents-method\T1/ptm/m/n/10 , 

Overfull \hbox (28.01662pt too wide) in paragraph at lines 39--41
\T1/ptm/m/it/10 (\T1/pcr/m/sl/10 alterObjectComponents-method\T1/ptm/m/it/10 )\
T1/ptm/m/n/10 , 

Overfull \hbox (20.8567pt too wide) in paragraph at lines 43--45
[]\T1/pcr/m/n/10 alterMean,EngineWithActivity-method 

Overfull \hbox (4.01662pt too wide) in paragraph at lines 43--45
\T1/ptm/m/it/10 (\T1/pcr/m/sl/10 EngineWithActivity-class\T1/ptm/m/it/10 )\T1/p
tm/m/n/10 , 

Overfull \hbox (14.8567pt too wide) in paragraph at lines 45--47
[]\T1/pcr/m/n/10 alterMean,IndependentNormal-method 

Overfull \hbox (28.01662pt too wide) in paragraph at lines 50--52
\T1/ptm/m/it/10 (\T1/pcr/m/sl/10 alterObjectComponents-method\T1/ptm/m/it/10 )\
T1/ptm/m/n/10 , 

Overfull \hbox (8.8567pt too wide) in paragraph at lines 54--56
[]\T1/pcr/m/n/10 alterSD,EngineWithActivity-method 

Overfull \hbox (4.01662pt too wide) in paragraph at lines 54--56
\T1/ptm/m/it/10 (\T1/pcr/m/sl/10 EngineWithActivity-class\T1/ptm/m/it/10 )\T1/p
tm/m/n/10 , 

Overfull \hbox (2.8567pt too wide) in paragraph at lines 56--58
[]\T1/pcr/m/n/10 alterSD,IndependentNormal-method 

Overfull \hbox (32.8567pt too wide) in paragraph at lines 60--62
[]\T1/pcr/m/n/10 as.data.frame,CancerPatientSet-method 
[24]
Overfull \hbox (4.01662pt too wide) in paragraph at lines 104--106
\T1/ptm/m/it/10 (\T1/pcr/m/sl/10 EngineWithActivity-class\T1/ptm/m/it/10 )\T1/p
tm/m/n/10 , 

Overfull \hbox (16.01662pt too wide) in paragraph at lines 114--116
\T1/ptm/m/it/10 (\T1/pcr/m/sl/10 IndependentLogNormal-class\T1/ptm/m/it/10 )\T1
/ptm/m/n/10 , 

Overfull \hbox (28.01662pt too wide) in paragraph at lines 120--122
\T1/ptm/m/it/10 (\T1/pcr/m/sl/10 alterObjectComponents-method\T1/ptm/m/it/10 )\
T1/ptm/m/n/10 , 

Overfull \hbox (28.01662pt too wide) in paragraph at lines 140--142
\T1/ptm/m/it/10 (\T1/pcr/m/sl/10 alterObjectComponents-method\T1/ptm/m/it/10 )\
T1/ptm/m/n/10 , 

Overfull \hbox (4.01662pt too wide) in paragraph at lines 150--152
\T1/ptm/m/it/10 (\T1/pcr/m/sl/10 EngineWithActivity-class\T1/ptm/m/it/10 )\T1/p
tm/m/n/10 , 

Overfull \hbox (2.8567pt too wide) in paragraph at lines 152--154
[]\T1/pcr/m/n/10 nrow,IndependentLogNormal-method 

Overfull \hbox (16.01662pt too wide) in paragraph at lines 152--154
\T1/ptm/m/it/10 (\T1/pcr/m/sl/10 IndependentLogNormal-class\T1/ptm/m/it/10 )\T1
/ptm/m/n/10 , 

Overfull \hbox (4.01662pt too wide) in paragraph at lines 176--178
\T1/ptm/m/it/10 (\T1/pcr/m/sl/10 EngineWithActivity-class\T1/ptm/m/it/10 )\T1/p
tm/m/n/10 , 

Overfull \hbox (2.8567pt too wide) in paragraph at lines 178--180
[]\T1/pcr/m/n/10 rand,IndependentLogNormal-method 

Overfull \hbox (16.01662pt too wide) in paragraph at lines 178--180
\T1/ptm/m/it/10 (\T1/pcr/m/sl/10 IndependentLogNormal-class\T1/ptm/m/it/10 )\T1
/ptm/m/n/10 , 

Overfull \hbox (8.8567pt too wide) in paragraph at lines 198--200
[]\T1/pcr/m/n/10 summary,EngineWithActivity-method 

Overfull \hbox (4.01662pt too wide) in paragraph at lines 198--200
\T1/ptm/m/it/10 (\T1/pcr/m/sl/10 EngineWithActivity-class\T1/ptm/m/it/10 )\T1/p
tm/m/n/10 , 

Overfull \hbox (20.8567pt too wide) in paragraph at lines 200--202
[]\T1/pcr/m/n/10 summary,IndependentLogNormal-method 

Overfull \hbox (16.01662pt too wide) in paragraph at lines 200--202
\T1/ptm/m/it/10 (\T1/pcr/m/sl/10 IndependentLogNormal-class\T1/ptm/m/it/10 )\T1
/ptm/m/n/10 , 

Overfull \hbox (2.8567pt too wide) in paragraph at lines 202--204
[]\T1/pcr/m/n/10 summary,IndependentNormal-method 
[25] [26]) (./Rd2.aux) )
(see the transcript file for additional information)
! pdfTeX warning (dest): name{Rfn.help} has been referenced but does not exist,
 replaced by a fixed one

{/apps/teTeX3.0/share/texmf-dist/fonts/enc/dvips/psnfss/8r.enc}</apps/teTeX3.0/
share/texmf-dist/fonts/type1/urw/courier/ucrro8a.pfb></apps/teTeX3.0/share/texm
f-dist/fonts/type1/bluesky/cm/cmsy10.pfb></apps/teTeX3.0/share/texmf-dist/fonts
/type1/urw/times/utmri8a.pfb></apps/teTeX3.0/share/texmf-dist/fonts/type1/urw/t
imes/utmr8a.pfb></apps/teTeX3.0/share/texmf-dist/fonts/type1/urw/helvetic/uhvr8
a.pfb></apps/teTeX3.0/share/texmf-dist/fonts/type1/urw/courier/ucrr8a.pfb></app
s/teTeX3.0/share/texmf-dist/fonts/type1/urw/times/utmr8a.pfb></apps/teTeX3.0/sh
are/texmf-dist/fonts/type1/urw/times/utmb8a.pfb>
Output written on Rd2.pdf (26 pages, 215069 bytes).
Transcript written on Rd2.log.
This is pdfeTeX, Version 3.141592-1.21a-2.2 (Web2C 7.5.4)
entering extended mode
(./Rd2.tex
LaTeX2e <2003/12/01>
Babel <v3.8d> and hyphenation patterns for american, french, german, ngerman, b
ahasa, basque, bulgarian, catalan, croatian, czech, danish, dutch, esperanto, e
stonian, finnish, greek, icelandic, irish, italian, latin, magyar, norsk, polis
h, portuges, romanian, russian, serbian, slovak, slovene, spanish, swedish, tur
kish, ukrainian, nohyphenation, loaded.

(/apps/teTeX3.0/share/texmf-dist/tex/latex/base/book.cls
Document Class: book 2004/02/16 v1.4f Standard LaTeX document class
(/apps/teTeX3.0/share/texmf-dist/tex/latex/base/bk10.clo))
(/apps/R-2.10.1/lib/R/share/texmf/Rd.sty
(/apps/teTeX3.0/share/texmf-dist/tex/latex/base/ifthen.sty)
(/apps/teTeX3.0/share/texmf-dist/tex/latex/tools/longtable.sty)
(/apps/teTeX3.0/share/texmf-dist/tex/latex/tools/bm.sty)
(/apps/teTeX3.0/share/texmf-dist/tex/latex/base/alltt.sty)
(/apps/teTeX3.0/share/texmf-dist/tex/latex/tools/verbatim.sty)
(/apps/teTeX3.0/share/texmf-dist/tex/latex/url/url.sty)
(/apps/R-2.10.1/lib/R/share/texmf/upquote.sty
(/apps/teTeX3.0/share/texmf-dist/tex/latex/base/textcomp.sty
(/apps/teTeX3.0/share/texmf-dist/tex/latex/base/ts1enc.def))) NOT loading ae
(/apps/teTeX3.0/share/texmf-dist/tex/latex/base/fontenc.sty
(/apps/teTeX3.0/share/texmf-dist/tex/latex/base/t1enc.def))
(/apps/teTeX3.0/share/texmf-dist/tex/latex/psnfss/times.sty)
NOT loading lmodern
(/apps/teTeX3.0/share/texmf-dist/tex/latex/graphics/color.sty
(/apps/teTeX3.0/share/texmf-dist/tex/latex/graphics/color.cfg)
(/apps/teTeX3.0/share/texmf-dist/tex/latex/graphics/pdftex.def))
(/apps/teTeX3.0/share/texmf-dist/tex/latex/hyperref/hyperref.sty
(/apps/teTeX3.0/share/texmf-dist/tex/latex/graphics/keyval.sty)
(/apps/teTeX3.0/share/texmf-dist/tex/latex/hyperref/pd1enc.def)
(/apps/teTeX3.0/share/texmf-dist/tex/latex/hyperref/hyperref.cfg)
Implicit mode ON; LaTeX internals redefined
)
*hyperref using default driver hpdftex*
(/apps/teTeX3.0/share/texmf-dist/tex/latex/hyperref/hpdftex.def
(/apps/teTeX3.0/share/texmf-dist/tex/latex/psnfss/pifont.sty
(/apps/teTeX3.0/share/texmf-dist/tex/latex/psnfss/upzd.fd)
(/apps/teTeX3.0/share/texmf-dist/tex/latex/psnfss/upsy.fd)))

Package hyperref Warning: Option `hyperindex' has already been used,
(hyperref)                setting the option has no effect on input line 321.


Package hyperref Warning: Option `pagebackref' has already been used,
(hyperref)                setting the option has no effect on input line 321.

) (/apps/teTeX3.0/share/texmf-dist/tex/latex/base/makeidx.sty)
(/apps/teTeX3.0/share/texmf-dist/tex/latex/base/inputenc.sty
(/apps/teTeX3.0/share/texmf-dist/tex/latex/base/latin1.def))
Writing index file Rd2.idx
(./Rd2.aux) (/apps/teTeX3.0/share/texmf-dist/tex/latex/base/ts1cmr.fd)
(/apps/teTeX3.0/share/texmf-dist/tex/latex/psnfss/t1ptm.fd)
(/apps/teTeX3.0/share/texmf-dist/tex/context/base/supp-pdf.tex
(/apps/teTeX3.0/share/texmf-dist/tex/context/base/supp-mis.tex
loading : Context Support Macros / Miscellaneous (2004.10.26)
)
loading : Context Support Macros / PDF (2004.03.26)
) (/apps/teTeX3.0/share/texmf-dist/tex/latex/hyperref/nameref.sty) (./Rd2.out)
(./Rd2.out) (/apps/teTeX3.0/share/texmf-dist/tex/latex/psnfss/t1pcr.fd)
(/apps/teTeX3.0/share/texmf-dist/tex/latex/psnfss/t1phv.fd) (./Rd2.toc)
(/apps/teTeX3.0/share/texmf-dist/tex/latex/base/latin1.def) [1{/apps/teTeX3.0/s
hare/texmf-var/fonts/map/pdftex/updmap/pdftex.map}]
Overfull \hbox (56.98004pt too wide) in paragraph at lines 55--57
[]\T1/ptm/m/n/10 Kevin R. Coombes \T1/pcr/m/n/10 <kcoombes@mdanderson.org>\T1/p
tm/m/n/10 , Jiexin Zhang \T1/pcr/m/n/10 <jiexinzhang@mdanderson.org> 
(/apps/teTeX3.0/share/texmf-dist/tex/latex/base/latin1.def) [2]
Overfull \hbox (56.98004pt too wide) in paragraph at lines 120--122
[]\T1/ptm/m/n/10 Kevin R. Coombes \T1/pcr/m/n/10 <kcoombes@mdanderson.org>\T1/p
tm/m/n/10 , Jiexin Zhang \T1/pcr/m/n/10 <jiexinzhang@mdanderson.org> 

Overfull \hbox (79.98035pt too wide) in paragraph at lines 134--134
 []  \T1/pcr/m/n/9 comp[[i]] <- IndependentNormal(rnorm(nGenes/nComp,6,1.5),1/r
gamma(nGenes/nComp,44,28))[] 

Overfull \hbox (31.3804pt too wide) in paragraph at lines 151--151
 []\T1/pcr/m/n/9 myEngine.alterSD <- alterSD(myEngine,function(x)invGammaMultip
le(x,SHAPE,RATE))[] 
(/apps/teTeX3.0/share/texmf-dist/tex/latex/base/latin1.def) [3]
(/apps/teTeX3.0/share/texmf-dist/tex/latex/base/latin1.def) [4]
(/apps/teTeX3.0/share/texmf-dist/tex/latex/base/latin1.def) [5]
(/apps/teTeX3.0/share/texmf-dist/tex/latex/base/latin1.def) [6]
(/apps/teTeX3.0/share/texmf-dist/tex/latex/psnfss/ts1pcr.fd) [7]
(/apps/teTeX3.0/share/texmf-dist/tex/latex/base/latin1.def)
Overfull \hbox (56.98004pt too wide) in paragraph at lines 489--491
[]\T1/ptm/m/n/10 Kevin R. Coombes \T1/pcr/m/n/10 <kcoombes@mdanderson.org>\T1/p
tm/m/n/10 , Jiexin Zhang \T1/pcr/m/n/10 <jiexinzhang@mdanderson.org> 
[8] (/apps/teTeX3.0/share/texmf-dist/tex/latex/base/latin1.def) [9]
Overfull \hbox (8.3177pt too wide) in paragraph at lines 616--618
[]\T1/ptm/m/n/10 simply prints out the num-ber of com-po-nents in-cluded in the
 ob-ject of \T1/pcr/m/n/10 Engine 

Overfull \hbox (56.98004pt too wide) in paragraph at lines 624--626
[]\T1/ptm/m/n/10 Kevin R. Coombes \T1/pcr/m/n/10 <kcoombes@mdanderson.org>\T1/p
tm/m/n/10 , Jiexin Zhang \T1/pcr/m/n/10 <jiexinzhang@mdanderson.org> 

Overfull \hbox (79.98035pt too wide) in paragraph at lines 642--642
 []  \T1/pcr/m/n/9 comp[[i]] <- IndependentNormal(rnorm(nGenes/nComp,6,1.5),1/r
gamma(nGenes/nComp,44,28))[] 
[10] (/apps/teTeX3.0/share/texmf-dist/tex/latex/base/latin1.def) [11] [12]
Overfull \hbox (4.33853pt too wide) in paragraph at lines 808--810
[]\T1/ptm/m/n/10 counts the to-tal num-ber of genes (i.e, the length of the vec
-tor the \T1/pcr/m/n/10 EngineWithActivity

Overfull \hbox (56.98004pt too wide) in paragraph at lines 816--818
[]\T1/ptm/m/n/10 Kevin R. Coombes \T1/pcr/m/n/10 <kcoombes@mdanderson.org>\T1/p
tm/m/n/10 , Jiexin Zhang \T1/pcr/m/n/10 <jiexinzhang@mdanderson.org> 

Overfull \hbox (144.78027pt too wide) in paragraph at lines 835--835
 []  \T1/pcr/m/n/9 comp[[i]] <- IndependentNormal(rnorm(nGenes/nComponents,6,1.
5),1/rgamma(nGenes/nComponents,44,28))[] 
(/apps/teTeX3.0/share/texmf-dist/tex/latex/base/latin1.def) [13]
Overfull \hbox (50.45784pt too wide) in paragraph at lines 906--909
\T1/ptm/m/n/10 sions of n sam-ples fol-low-ing log nor-mal dis-tri-bu-tion cap-
tured in the ob-ject of \T1/pcr/m/n/10 IndependentLogNormal 

Overfull \hbox (56.98004pt too wide) in paragraph at lines 917--919
[]\T1/ptm/m/n/10 Kevin R. Coombes \T1/pcr/m/n/10 <kcoombes@mdanderson.org>\T1/p
tm/m/n/10 , Jiexin Zhang \T1/pcr/m/n/10 <jiexinzhang@mdanderson.org> 
[14] (/apps/teTeX3.0/share/texmf-dist/tex/latex/base/latin1.def) [15]
Overfull \hbox (4.15852pt too wide) in paragraph at lines 1037--1041
[]\T1/ptm/m/n/10 takes an ob-ject of class \T1/pcr/m/n/10 IndependentNormal\T1/
ptm/m/n/10 ,loop over

Overfull \hbox (9.43808pt too wide) in paragraph at lines 1047--1050
\T1/ptm/m/n/10 of n sam-ples fol-low-ing the nor-mal dis-tri-bu-tion cap-tured 
in the ob-ject of \T1/pcr/m/n/10 IndependentNormal 

Overfull \hbox (56.98004pt too wide) in paragraph at lines 1058--1060
[]\T1/ptm/m/n/10 Kevin R. Coombes \T1/pcr/m/n/10 <kcoombes@mdanderson.org>\T1/p
tm/m/n/10 , Jiexin Zhang \T1/pcr/m/n/10 <jiexinzhang@mdanderson.org> 
[16] (/apps/teTeX3.0/share/texmf-dist/tex/latex/base/latin1.def) [17] [18]
Overfull \hbox (56.98004pt too wide) in paragraph at lines 1239--1241
[]\T1/ptm/m/n/10 Kevin R. Coombes \T1/pcr/m/n/10 <kcoombes@mdanderson.org>\T1/p
tm/m/n/10 , Jiexin Zhang \T1/pcr/m/n/10 <jiexinzhang@mdanderson.org> 
[19] (/apps/teTeX3.0/share/texmf-dist/tex/latex/base/latin1.def)
Overfull \hbox (56.98004pt too wide) in paragraph at lines 1333--1335
[]\T1/ptm/m/n/10 Kevin R. Coombes \T1/pcr/m/n/10 <kcoombes@mdanderson.org>\T1/p
tm/m/n/10 , Jiexin Zhang \T1/pcr/m/n/10 <jiexinzhang@mdanderson.org> 
[20]
Overfull \hbox (96.18033pt too wide) in paragraph at lines 1348--1348
 []  \T1/pcr/m/n/9 comp[[i]] <- IndependentLogNormal(rnorm(nGenes/nComp,6,1.5),
1/rgamma(nGenes/nComp,44,28))[] 
(/apps/teTeX3.0/share/texmf-dist/tex/latex/base/latin1.def)
Overfull \hbox (56.98004pt too wide) in paragraph at lines 1389--1391
[]\T1/ptm/m/n/10 Kevin R. Coombes \T1/pcr/m/n/10 <kcoombes@mdanderson.org>\T1/p
tm/m/n/10 , Jiexin Zhang \T1/pcr/m/n/10 <jiexinzhang@mdanderson.org> 
(/apps/teTeX3.0/share/texmf-dist/tex/latex/base/latin1.def) [21]
Overfull \hbox (56.98004pt too wide) in paragraph at lines 1420--1422
[]\T1/ptm/m/n/10 Kevin R. Coombes \T1/pcr/m/n/10 <kcoombes@mdanderson.org>\T1/p
tm/m/n/10 , Jiexin Zhang \T1/pcr/m/n/10 <jiexinzhang@mdanderson.org> 
(/apps/teTeX3.0/share/texmf-dist/tex/latex/base/latin1.def)
Overfull \hbox (150.78088pt too wide) in paragraph at lines 1439--1439
 []\T1/pcr/m/n/10 SurvivalModel(baseHazard = 1/5, accrual = 5, followUp = 1, un
its = 12, unitName = "months")[] 
[22] (./Rd2.ind [23]
Overfull \hbox (1.3567pt too wide) in paragraph at lines 15--16
[]| \T1/pcr/m/n/10 alterObjectComponents-method\T1/ptm/m/n/10 , 

Overfull \hbox (1.3567pt too wide) in paragraph at lines 28--29
[]| \T1/pcr/m/n/10 alterObjectComponents-method\T1/ptm/m/n/10 , 

Overfull \hbox (28.01662pt too wide) in paragraph at lines 39--41
\T1/ptm/m/it/10 (\T1/pcr/m/sl/10 alterObjectComponents-method\T1/ptm/m/it/10 )\
T1/ptm/m/n/10 , 

Overfull \hbox (20.8567pt too wide) in paragraph at lines 43--45
[]\T1/pcr/m/n/10 alterMean,EngineWithActivity-method 

Overfull \hbox (4.01662pt too wide) in paragraph at lines 43--45
\T1/ptm/m/it/10 (\T1/pcr/m/sl/10 EngineWithActivity-class\T1/ptm/m/it/10 )\T1/p
tm/m/n/10 , 

Overfull \hbox (14.8567pt too wide) in paragraph at lines 45--47
[]\T1/pcr/m/n/10 alterMean,IndependentNormal-method 

Overfull \hbox (28.01662pt too wide) in paragraph at lines 50--52
\T1/ptm/m/it/10 (\T1/pcr/m/sl/10 alterObjectComponents-method\T1/ptm/m/it/10 )\
T1/ptm/m/n/10 , 

Overfull \hbox (8.8567pt too wide) in paragraph at lines 54--56
[]\T1/pcr/m/n/10 alterSD,EngineWithActivity-method 

Overfull \hbox (4.01662pt too wide) in paragraph at lines 54--56
\T1/ptm/m/it/10 (\T1/pcr/m/sl/10 EngineWithActivity-class\T1/ptm/m/it/10 )\T1/p
tm/m/n/10 , 

Overfull \hbox (2.8567pt too wide) in paragraph at lines 56--58
[]\T1/pcr/m/n/10 alterSD,IndependentNormal-method 

Overfull \hbox (32.8567pt too wide) in paragraph at lines 60--62
[]\T1/pcr/m/n/10 as.data.frame,CancerPatientSet-method 
[24]
Overfull \hbox (4.01662pt too wide) in paragraph at lines 104--106
\T1/ptm/m/it/10 (\T1/pcr/m/sl/10 EngineWithActivity-class\T1/ptm/m/it/10 )\T1/p
tm/m/n/10 , 

Overfull \hbox (16.01662pt too wide) in paragraph at lines 114--116
\T1/ptm/m/it/10 (\T1/pcr/m/sl/10 IndependentLogNormal-class\T1/ptm/m/it/10 )\T1
/ptm/m/n/10 , 

Overfull \hbox (28.01662pt too wide) in paragraph at lines 120--122
\T1/ptm/m/it/10 (\T1/pcr/m/sl/10 alterObjectComponents-method\T1/ptm/m/it/10 )\
T1/ptm/m/n/10 , 

Overfull \hbox (28.01662pt too wide) in paragraph at lines 140--142
\T1/ptm/m/it/10 (\T1/pcr/m/sl/10 alterObjectComponents-method\T1/ptm/m/it/10 )\
T1/ptm/m/n/10 , 

Overfull \hbox (4.01662pt too wide) in paragraph at lines 150--152
\T1/ptm/m/it/10 (\T1/pcr/m/sl/10 EngineWithActivity-class\T1/ptm/m/it/10 )\T1/p
tm/m/n/10 , 

Overfull \hbox (2.8567pt too wide) in paragraph at lines 152--154
[]\T1/pcr/m/n/10 nrow,IndependentLogNormal-method 

Overfull \hbox (16.01662pt too wide) in paragraph at lines 152--154
\T1/ptm/m/it/10 (\T1/pcr/m/sl/10 IndependentLogNormal-class\T1/ptm/m/it/10 )\T1
/ptm/m/n/10 , 

Overfull \hbox (4.01662pt too wide) in paragraph at lines 176--178
\T1/ptm/m/it/10 (\T1/pcr/m/sl/10 EngineWithActivity-class\T1/ptm/m/it/10 )\T1/p
tm/m/n/10 , 

Overfull \hbox (2.8567pt too wide) in paragraph at lines 178--180
[]\T1/pcr/m/n/10 rand,IndependentLogNormal-method 

Overfull \hbox (16.01662pt too wide) in paragraph at lines 178--180
\T1/ptm/m/it/10 (\T1/pcr/m/sl/10 IndependentLogNormal-class\T1/ptm/m/it/10 )\T1
/ptm/m/n/10 , 

Overfull \hbox (8.8567pt too wide) in paragraph at lines 198--200
[]\T1/pcr/m/n/10 summary,EngineWithActivity-method 

Overfull \hbox (4.01662pt too wide) in paragraph at lines 198--200
\T1/ptm/m/it/10 (\T1/pcr/m/sl/10 EngineWithActivity-class\T1/ptm/m/it/10 )\T1/p
tm/m/n/10 , 

Overfull \hbox (20.8567pt too wide) in paragraph at lines 200--202
[]\T1/pcr/m/n/10 summary,IndependentLogNormal-method 

Overfull \hbox (16.01662pt too wide) in paragraph at lines 200--202
\T1/ptm/m/it/10 (\T1/pcr/m/sl/10 IndependentLogNormal-class\T1/ptm/m/it/10 )\T1
/ptm/m/n/10 , 

Overfull \hbox (2.8567pt too wide) in paragraph at lines 202--204
[]\T1/pcr/m/n/10 summary,IndependentNormal-method 
[25] [26]) (./Rd2.aux) )
(see the transcript file for additional information)
! pdfTeX warning (dest): name{Rfn.help} has been referenced but does not exist,
 replaced by a fixed one

{/apps/teTeX3.0/share/texmf-dist/fonts/enc/dvips/psnfss/8r.enc}</apps/teTeX3.0/
share/texmf-dist/fonts/type1/urw/courier/ucrro8a.pfb></apps/teTeX3.0/share/texm
f-dist/fonts/type1/bluesky/cm/cmsy10.pfb></apps/teTeX3.0/share/texmf-dist/fonts
/type1/urw/times/utmri8a.pfb></apps/teTeX3.0/share/texmf-dist/fonts/type1/urw/t
imes/utmr8a.pfb></apps/teTeX3.0/share/texmf-dist/fonts/type1/urw/helvetic/uhvr8
a.pfb></apps/teTeX3.0/share/texmf-dist/fonts/type1/urw/courier/ucrr8a.pfb></app
s/teTeX3.0/share/texmf-dist/fonts/type1/urw/times/utmr8a.pfb></apps/teTeX3.0/sh
are/texmf-dist/fonts/type1/urw/times/utmb8a.pfb>
Output written on Rd2.pdf (26 pages, 215808 bytes).
Transcript written on Rd2.log.
Saving output to 'Umpire-manual.pdf' ...
Done
You may want to clean up by 'rm -rf /tmp/Rd2dvi2724415712'
